2023-02-27 20:54:33,916: DEBUG: Starting new HTTPS connection (1): rest.ensembl.org:443
2023-02-27 20:54:34,694: DEBUG: https://rest.ensembl.org:443 "GET /vep/human/hgvs/0316673:c.281_282 HTTP/1.1" 400 110
2023-02-27 20:54:34,700: ERROR: : 400 Client Error: Bad Request for url: https://rest.ensembl.org/vep/human/hgvs/0316673:c.281_282
Request URL : https://rest.ensembl.org/vep/human/hgvs/0316673:c.281_282
2023-02-27 21:11:05,203: DEBUG: Starting new HTTPS connection (1): rest.ensembl.org:443
2023-02-27 21:11:07,819: DEBUG: https://rest.ensembl.org:443 "GET /vep/human/hgvs/ENST00000316673:c.281_282delinsC HTTP/1.1" 200 8019
2023-02-27 21:13:18,981: DEBUG: Starting new HTTPS connection (1): rest.ensembl.org:443
2023-02-27 21:13:20,451: DEBUG: https://rest.ensembl.org:443 "GET /vep/human/hgvs/ENST00000316673:c.281_282delinsC HTTP/1.1" 200 8019
2023-02-27 21:22:40,672: DEBUG: Starting new HTTPS connection (1): rest.ensembl.org:443
2023-02-27 21:22:41,449: DEBUG: https://rest.ensembl.org:443 "GET /vep/human/hgvs/eg.ENST00000316673:c.281_282delinsC HTTP/1.1" 400 139
2023-02-27 21:22:41,452: ERROR: Request error: 400 Client Error: Bad Request for url: https://rest.ensembl.org/vep/human/hgvs/eg.ENST00000316673:c.281_282delinsC
2023-02-27 21:22:41,452: ERROR: Error occurred: Request error: 400 Client Error: Bad Request for url: https://rest.ensembl.org/vep/human/hgvs/eg.ENST00000316673:c.281_282delinsC
2023-02-27 21:23:24,665: DEBUG: Starting new HTTPS connection (1): rest.ensembl.org:443
2023-02-27 21:23:26,323: DEBUG: https://rest.ensembl.org:443 "GET /vep/human/hgvs/ENST00000316673:c.281_282delinsC HTTP/1.1" 200 8019
2023-02-27 21:23:26,325: INFO: Most severe consequence: frameshift_variant
2023-02-28 11:30:33,798: DEBUG: Starting new HTTPS connection (1): rest.ensembl.org:443
2023-02-28 11:30:36,693: DEBUG: https://rest.ensembl.org:443 "GET /vep/human/hgvs/ENST00000316673:c.281_282delinsC HTTP/1.1" 200 8019
2023-02-28 11:30:36,699: INFO: Most severe consequence: frameshift_variant
2023-02-28 12:33:21,403: DEBUG: Starting new HTTPS connection (1): rest.ensembl.org:443
2023-02-28 12:33:22,788: DEBUG: https://rest.ensembl.org:443 "GET /vep/human/hgvs/ENST00000316673:c.281_282delinsC HTTP/1.1" 200 8019
2023-02-28 12:33:22,793: INFO: Most severe consequence: frameshift_variant
2023-02-28 14:43:29,463: DEBUG: Starting new HTTPS connection (1): rest.ensembl.org:443
2023-02-28 14:43:30,100: DEBUG: https://rest.ensembl.org:443 "GET /vep/human/hgvs/qh%20qygeyueg HTTP/1.1" 400 100
2023-02-28 14:43:30,104: ERROR: Request error: 400 Client Error: Bad Request for url: https://rest.ensembl.org/vep/human/hgvs/qh%20qygeyueg
2023-02-28 14:43:30,105: ERROR: Error occurred: Request error: 400 Client Error: Bad Request for url: https://rest.ensembl.org/vep/human/hgvs/qh%20qygeyueg
2023-02-28 14:47:19,248: DEBUG: Starting new HTTPS connection (1): rest.ensembl.org:443
2023-02-28 14:47:19,822: DEBUG: https://rest.ensembl.org:443 "GET /vep/human/hgvs/weqe HTTP/1.1" 400 88
2023-02-28 14:47:19,827: ERROR: Request error: 400 Client Error: Bad Request for url: https://rest.ensembl.org/vep/human/hgvs/weqe
2023-02-28 14:47:19,827: ERROR: Error occurred: Request error: 400 Client Error: Bad Request for url: https://rest.ensembl.org/vep/human/hgvs/weqe
2023-02-28 14:47:42,153: DEBUG: Starting new HTTPS connection (1): rest.ensembl.org:443
2023-02-28 14:47:43,822: DEBUG: https://rest.ensembl.org:443 "GET /vep/human/hgvs/ENST00000316673:c.281_282delinsC HTTP/1.1" 200 8019
2023-02-28 14:47:43,830: INFO: Most severe consequence: frameshift_variant
2023-03-03 14:45:46,723: DEBUG: Starting new HTTPS connection (1): rest.ensembl.org:443
2023-03-03 14:45:48,320: DEBUG: https://rest.ensembl.org:443 "GET /vep/human/hgvs/ENST00000316673:c.281_282delinsC HTTP/1.1" 200 8019
2023-03-03 14:45:48,327: DEBUG: Starting new HTTPS connection (1): rest.ensembl.org:443
2023-03-03 14:45:50,506: DEBUG: https://rest.ensembl.org:443 "GET /vep/human/hgvs/ENST00000316673:c.281_282delinsC HTTP/1.1" 200 8019
2023-03-03 14:45:50,520: DEBUG: Starting new HTTPS connection (1): rest.ensembl.org:443
2023-03-03 14:45:52,059: DEBUG: https://rest.ensembl.org:443 "GET /vep/human/hgvs/ENST00000316673:c.281_282delinsC HTTP/1.1" 200 8019
2023-03-03 14:45:52,066: DEBUG: Starting new HTTPS connection (1): rest.ensembl.org:443
2023-03-03 14:45:53,309: DEBUG: https://rest.ensembl.org:443 "GET /vep/human/hgvs/ENST00000316673:c.281_282delinsC HTTP/1.1" 200 8019
2023-03-03 14:45:53,318: DEBUG: Starting new HTTPS connection (1): rest.ensembl.org:443
2023-03-03 14:45:55,105: DEBUG: https://rest.ensembl.org:443 "GET /vep/human/hgvs/ENST00000316673:c.281_282delinsC HTTP/1.1" 200 8019
2023-03-03 14:45:55,112: DEBUG: Starting new HTTPS connection (1): rest.ensembl.org:443
2023-03-03 14:45:56,421: DEBUG: https://rest.ensembl.org:443 "GET /vep/human/hgvs/ENST00000316673:c.281_282delinsC HTTP/1.1" 200 8019
2023-03-03 14:45:56,428: DEBUG: Starting new HTTPS connection (1): rest.ensembl.org:443
2023-03-03 14:45:57,670: DEBUG: https://rest.ensembl.org:443 "GET /vep/human/hgvs/ENST00000316673:c.281_282delinsC HTTP/1.1" 200 8019
2023-03-03 14:45:57,677: DEBUG: Starting new HTTPS connection (1): rest.ensembl.org:443
2023-03-03 14:45:58,811: DEBUG: https://rest.ensembl.org:443 "GET /vep/human/hgvs/ENST00000316673:c.281_282delinsC HTTP/1.1" 200 8019
2023-03-03 14:45:58,818: DEBUG: Starting new HTTPS connection (1): rest.ensembl.org:443
2023-03-03 14:46:00,487: DEBUG: https://rest.ensembl.org:443 "GET /vep/human/hgvs/ENST00000316673:c.281_282delinsC HTTP/1.1" 200 8019
2023-03-03 14:46:00,495: DEBUG: Starting new HTTPS connection (1): rest.ensembl.org:443
2023-03-03 14:46:02,075: DEBUG: https://rest.ensembl.org:443 "GET /vep/human/hgvs/ENST00000316673:c.281_282delinsC HTTP/1.1" 200 8019
2023-03-03 14:46:02,082: DEBUG: Starting new HTTPS connection (1): rest.ensembl.org:443
2023-03-03 14:46:03,235: DEBUG: https://rest.ensembl.org:443 "GET /vep/human/hgvs/ENST00000316673:c.281_282delinsC HTTP/1.1" 200 8019
2023-03-03 14:46:03,243: DEBUG: Starting new HTTPS connection (1): rest.ensembl.org:443
2023-03-03 14:46:04,359: DEBUG: https://rest.ensembl.org:443 "GET /vep/human/hgvs/ENST00000316673:c.281_282delinsC HTTP/1.1" 200 8019
2023-03-03 14:46:04,365: DEBUG: Starting new HTTPS connection (1): rest.ensembl.org:443
2023-03-03 14:46:05,510: DEBUG: https://rest.ensembl.org:443 "GET /vep/human/hgvs/ENST00000316673:c.281_282delinsC HTTP/1.1" 200 8019
2023-03-03 14:46:05,518: DEBUG: Starting new HTTPS connection (1): rest.ensembl.org:443
2023-03-03 14:46:06,761: DEBUG: https://rest.ensembl.org:443 "GET /vep/human/hgvs/ENST00000316673:c.281_282delinsC HTTP/1.1" 200 8019
2023-03-03 14:46:06,769: DEBUG: Starting new HTTPS connection (1): rest.ensembl.org:443
2023-03-03 14:46:07,941: DEBUG: https://rest.ensembl.org:443 "GET /vep/human/hgvs/ENST00000316673:c.281_282delinsC HTTP/1.1" 200 8019
2023-03-03 14:46:07,945: DEBUG: Starting new HTTPS connection (1): rest.ensembl.org:443
2023-03-03 14:46:09,383: DEBUG: https://rest.ensembl.org:443 "GET /vep/human/hgvs/ENST00000316673:c.281_282delinsC HTTP/1.1" 200 8019
2023-03-03 14:46:09,390: DEBUG: Starting new HTTPS connection (1): rest.ensembl.org:443
2023-03-03 14:46:10,825: DEBUG: https://rest.ensembl.org:443 "GET /vep/human/hgvs/ENST00000316673:c.281_282delinsC HTTP/1.1" 200 8019
2023-03-03 14:46:10,835: DEBUG: Starting new HTTPS connection (1): rest.ensembl.org:443
2023-03-03 14:46:11,984: DEBUG: https://rest.ensembl.org:443 "GET /vep/human/hgvs/ENST00000316673:c.281_282delinsC HTTP/1.1" 200 8019
2023-03-03 14:46:11,989: DEBUG: Starting new HTTPS connection (1): rest.ensembl.org:443
2023-03-03 14:46:18,061: DEBUG: Starting new HTTPS connection (1): rest.ensembl.org:443
2023-03-03 14:46:19,253: DEBUG: https://rest.ensembl.org:443 "GET /vep/human/hgvs/ENST00000316673:c.281_282delinsC HTTP/1.1" 200 8019
2023-03-03 14:46:19,258: INFO: Most severe consequence: frameshift_variant
2023-03-03 14:48:47,629: DEBUG: Starting new HTTPS connection (1): rest.ensembl.org:443
2023-03-03 14:48:49,449: DEBUG: https://rest.ensembl.org:443 "GET /vep/human/hgvs/NC_000023.11:g.284253C%3EG HTTP/1.1" 200 5891
2023-03-03 14:48:49,455: INFO: Most severe consequence: missense_variant
2023-03-03 14:52:04,293: DEBUG: Starting new HTTPS connection (1): rest.ensembl.org:443
2023-03-03 14:52:06,361: DEBUG: https://rest.ensembl.org:443 "GET /vep/human/hgvs/ENST00000316673:c.281_282delinsC HTTP/1.1" 200 8019
2023-03-03 14:52:06,367: INFO: Most severe consequence: frameshift_variant
2023-03-03 14:52:16,986: DEBUG: Starting new HTTPS connection (1): rest.ensembl.org:443
2023-03-03 14:52:18,290: DEBUG: https://rest.ensembl.org:443 "GET /vep/human/hgvs/NC_000023.11:g.284253C%3EG HTTP/1.1" 200 5891
2023-03-03 14:52:18,296: INFO: Most severe consequence: missense_variant
2023-03-03 14:52:59,141: DEBUG: Starting new HTTPS connection (1): rest.ensembl.org:443
2023-03-03 14:53:00,474: DEBUG: https://rest.ensembl.org:443 "GET /vep/human/hgvs/NC_000023.11:g.284253C%3EG HTTP/1.1" 200 5891
2023-03-03 14:53:00,481: INFO: Most severe consequence: missense_variant
2023-03-03 14:55:50,023: DEBUG: Starting new HTTPS connection (1): rest.ensembl.org:443
2023-03-03 14:55:51,113: DEBUG: https://rest.ensembl.org:443 "GET /vep/human/hgvs/NC_000023.11:g.284253C%3EG HTTP/1.1" 200 5891
2023-03-03 14:55:51,343: INFO: Most severe consequence: missense_variant
2023-03-03 14:57:10,457: DEBUG: Starting new HTTPS connection (1): rest.ensembl.org:443
2023-03-03 14:57:11,768: DEBUG: https://rest.ensembl.org:443 "GET /vep/human/hgvs/NC_000023.11:g.284253C%3EG HTTP/1.1" 200 5891
2023-03-03 14:57:11,779: DEBUG: Starting new HTTPS connection (1): rest.ensembl.org:443
2023-03-03 14:57:12,827: DEBUG: https://rest.ensembl.org:443 "GET /vep/human/hgvs/NC_000023.11:g.284253C%3EG HTTP/1.1" 200 5891
2023-03-03 14:57:12,832: INFO: Most severe consequence: missense_variant
2023-03-03 14:57:41,497: DEBUG: Starting new HTTPS connection (1): rest.ensembl.org:443
2023-03-03 14:57:42,258: DEBUG: https://rest.ensembl.org:443 "GET /vep/human/hgvs/NC_000023.11:g.284253C%3EG HTTP/1.1" 200 5891
2023-03-03 14:57:42,267: DEBUG: Starting new HTTPS connection (1): rest.ensembl.org:443
2023-03-03 14:57:43,789: DEBUG: https://rest.ensembl.org:443 "GET /vep/human/hgvs/NC_000023.11:g.284253C%3EG HTTP/1.1" 200 5891
2023-03-03 14:57:43,796: INFO: Most severe consequence: missense_variant
2023-03-03 15:03:06,718: DEBUG: Starting new HTTPS connection (1): rest.ensembl.org:443
2023-03-03 15:03:07,900: DEBUG: https://rest.ensembl.org:443 "GET /vep/human/hgvs/NC_000023.11:g.284253C%3EG HTTP/1.1" 200 5891
2023-03-03 15:03:07,906: INFO: Most severe consequence: missense_variant
2023-03-03 15:03:18,979: DEBUG: Starting new HTTPS connection (1): rest.ensembl.org:443
2023-03-03 15:03:20,541: DEBUG: https://rest.ensembl.org:443 "GET /vep/human/hgvs/NC_000023.11:g.284253C%3EG HTTP/1.1" 200 5891
2023-03-03 15:03:20,549: INFO: Most severe consequence: missense_variant
2023-03-03 15:05:00,846: DEBUG: Starting new HTTPS connection (1): rest.ensembl.org:443
2023-03-03 15:05:02,215: DEBUG: https://rest.ensembl.org:443 "GET /vep/human/hgvs/NC_000023.11:g.284253C%3EG HTTP/1.1" 200 5891
2023-03-03 15:05:02,222: INFO: Most severe consequence: missense_variant
2023-03-03 15:07:52,447: DEBUG: Starting new HTTPS connection (1): rest.ensembl.org:443
2023-03-03 15:07:53,454: DEBUG: https://rest.ensembl.org:443 "GET /vep/human/hgvs/NC_000023.11:g.284253C%3EG HTTP/1.1" 200 5891
2023-03-03 15:07:53,471: ERROR: Error occurred: list index out of range
2023-03-03 15:07:53,475: DEBUG: Starting new HTTPS connection (1): rest.ensembl.org:443
2023-03-03 15:07:53,898: DEBUG: https://rest.ensembl.org:443 "GET /vep/human/hgvs/ HTTP/1.1" 400 58
2023-03-03 15:07:53,902: ERROR: Request error: 400 Client Error: Bad Request for url: https://rest.ensembl.org/vep/human/hgvs/
2023-03-03 15:07:53,903: ERROR: Error occurred: Request error: 400 Client Error: Bad Request for url: https://rest.ensembl.org/vep/human/hgvs/
2023-03-03 15:08:14,706: DEBUG: Starting new HTTPS connection (1): rest.ensembl.org:443
2023-03-03 15:08:16,010: DEBUG: https://rest.ensembl.org:443 "GET /vep/human/hgvs/NC_000023.11:g.284253C%3EG HTTP/1.1" 200 5891
2023-03-03 15:08:16,015: ERROR: Error occurred: list index out of range
2023-03-03 15:08:16,018: DEBUG: Starting new HTTPS connection (1): rest.ensembl.org:443
2023-03-03 15:08:16,524: DEBUG: https://rest.ensembl.org:443 "GET /vep/human/hgvs/ HTTP/1.1" 400 58
2023-03-03 15:08:16,529: ERROR: Request error: 400 Client Error: Bad Request for url: https://rest.ensembl.org/vep/human/hgvs/
2023-03-03 15:08:16,529: ERROR: Error occurred: Request error: 400 Client Error: Bad Request for url: https://rest.ensembl.org/vep/human/hgvs/
2023-03-03 15:08:36,820: DEBUG: Starting new HTTPS connection (1): rest.ensembl.org:443
2023-03-03 15:08:37,726: DEBUG: https://rest.ensembl.org:443 "GET /vep/human/hgvs/NC_000023.11:g.284253C%3EG HTTP/1.1" 200 5891
2023-03-03 15:08:37,732: ERROR: Error occurred: list index out of range
2023-03-03 15:08:37,736: DEBUG: Starting new HTTPS connection (1): rest.ensembl.org:443
2023-03-03 15:08:38,122: DEBUG: https://rest.ensembl.org:443 "GET /vep/human/hgvs/ HTTP/1.1" 400 58
2023-03-03 15:08:38,126: ERROR: Request error: 400 Client Error: Bad Request for url: https://rest.ensembl.org/vep/human/hgvs/
2023-03-03 15:08:38,127: ERROR: Error occurred: Request error: 400 Client Error: Bad Request for url: https://rest.ensembl.org/vep/human/hgvs/
2023-03-03 15:09:39,359: DEBUG: Starting new HTTPS connection (1): rest.ensembl.org:443
2023-03-03 15:09:40,860: DEBUG: https://rest.ensembl.org:443 "GET /vep/human/hgvs/NC_000023.11:g.284253C%3EG HTTP/1.1" 200 5891
2023-03-03 15:09:40,866: ERROR: Error occurred: list index out of range
2023-03-03 15:09:40,869: DEBUG: Starting new HTTPS connection (1): rest.ensembl.org:443
2023-03-03 15:09:41,257: DEBUG: https://rest.ensembl.org:443 "GET /vep/human/hgvs/ HTTP/1.1" 400 58
2023-03-03 15:09:41,262: ERROR: Request error: 400 Client Error: Bad Request for url: https://rest.ensembl.org/vep/human/hgvs/
2023-03-03 15:09:41,262: ERROR: Error occurred: Request error: 400 Client Error: Bad Request for url: https://rest.ensembl.org/vep/human/hgvs/
2023-03-03 15:16:21,248: DEBUG: Starting new HTTPS connection (1): rest.ensembl.org:443
2023-03-03 15:16:24,116: DEBUG: https://rest.ensembl.org:443 "GET /vep/human/hgvs/NC_000023.11:g.284253C%3EG HTTP/1.1" 200 5891
2023-03-03 15:16:24,124: ERROR: Error occurred: 'list' object has no attribute 'get'
2023-03-03 15:16:24,128: DEBUG: Starting new HTTPS connection (1): rest.ensembl.org:443
2023-03-03 15:16:24,561: DEBUG: https://rest.ensembl.org:443 "GET /vep/human/hgvs/ HTTP/1.1" 400 58
2023-03-03 15:16:24,564: ERROR: Request error: 400 Client Error: Bad Request for url: https://rest.ensembl.org/vep/human/hgvs/
2023-03-03 15:16:24,564: ERROR: Error occurred: Request error: 400 Client Error: Bad Request for url: https://rest.ensembl.org/vep/human/hgvs/
2023-03-03 15:17:54,952: DEBUG: Starting new HTTPS connection (1): rest.ensembl.org:443
2023-03-03 15:17:55,656: DEBUG: https://rest.ensembl.org:443 "GET /vep/human/hgvs/NC_000023.11:g.284253C%3EG HTTP/1.1" 200 5891
2023-03-03 15:17:55,661: INFO: Most severe consequence: missense_variant
2023-03-03 15:19:14,852: DEBUG: Starting new HTTPS connection (1): rest.ensembl.org:443
2023-03-03 15:19:16,292: DEBUG: https://rest.ensembl.org:443 "GET /vep/human/hgvs/gene_symbol%20=%20decoded_data.get(data%5B0%5D%5B'ensembl_gene_id'%5D).get('gene_symbol') HTTP/1.1" 400 119
2023-03-03 15:19:16,297: ERROR: Request error: 400 Client Error: Bad Request for url: https://rest.ensembl.org/vep/human/hgvs/gene_symbol%20=%20decoded_data.get(data%5B0%5D%5B'ensembl_gene_id'%5D).get('gene_symbol')
2023-03-03 15:19:16,297: ERROR: Error occurred: Request error: 400 Client Error: Bad Request for url: https://rest.ensembl.org/vep/human/hgvs/gene_symbol%20=%20decoded_data.get(data%5B0%5D%5B'ensembl_gene_id'%5D).get('gene_symbol')
2023-03-03 15:19:23,971: DEBUG: Starting new HTTPS connection (1): rest.ensembl.org:443
2023-03-03 15:19:24,940: DEBUG: https://rest.ensembl.org:443 "GET /vep/human/hgvs/NC_000023.11:g.284253C%3EG HTTP/1.1" 200 5891
2023-03-03 15:19:24,945: ERROR: Error occurred: 'list' object has no attribute 'get'
2023-03-03 15:19:24,973: DEBUG: Starting new HTTPS connection (1): rest.ensembl.org:443
2023-03-03 15:19:25,475: DEBUG: https://rest.ensembl.org:443 "GET /vep/human/hgvs/ HTTP/1.1" 400 58
2023-03-03 15:19:25,480: ERROR: Request error: 400 Client Error: Bad Request for url: https://rest.ensembl.org/vep/human/hgvs/
2023-03-03 15:19:25,481: ERROR: Error occurred: Request error: 400 Client Error: Bad Request for url: https://rest.ensembl.org/vep/human/hgvs/
2023-03-03 15:19:54,962: DEBUG: Starting new HTTPS connection (1): rest.ensembl.org:443
2023-03-03 15:19:56,063: DEBUG: https://rest.ensembl.org:443 "GET /vep/human/hgvs/NC_000023.11:g.284253C%3EG HTTP/1.1" 200 5891
2023-03-03 15:19:56,069: ERROR: Error occurred: 'list' object has no attribute 'get'
2023-03-03 15:19:56,073: DEBUG: Starting new HTTPS connection (1): rest.ensembl.org:443
2023-03-03 15:19:57,052: DEBUG: https://rest.ensembl.org:443 "GET /vep/human/hgvs/ HTTP/1.1" 400 58
2023-03-03 15:19:57,057: ERROR: Request error: 400 Client Error: Bad Request for url: https://rest.ensembl.org/vep/human/hgvs/
2023-03-03 15:19:57,057: ERROR: Error occurred: Request error: 400 Client Error: Bad Request for url: https://rest.ensembl.org/vep/human/hgvs/
2023-03-03 15:22:43,583: DEBUG: Starting new HTTPS connection (1): rest.ensembl.org:443
2023-03-03 15:22:44,663: DEBUG: https://rest.ensembl.org:443 "GET /vep/human/hgvs/NC_000023.11:g.284253C%3EG HTTP/1.1" 200 5891
2023-03-03 15:22:44,666: ERROR: Error occurred: 'list' object has no attribute 'get'
2023-03-03 15:22:44,670: DEBUG: Starting new HTTPS connection (1): rest.ensembl.org:443
2023-03-03 15:22:45,051: DEBUG: https://rest.ensembl.org:443 "GET /vep/human/hgvs/ HTTP/1.1" 400 58
2023-03-03 15:22:45,054: ERROR: Request error: 400 Client Error: Bad Request for url: https://rest.ensembl.org/vep/human/hgvs/
2023-03-03 15:22:45,054: ERROR: Error occurred: Request error: 400 Client Error: Bad Request for url: https://rest.ensembl.org/vep/human/hgvs/
2023-03-03 15:22:50,323: DEBUG: Starting new HTTPS connection (1): rest.ensembl.org:443
2023-03-03 15:22:51,406: DEBUG: https://rest.ensembl.org:443 "GET /vep/human/hgvs/NC_000023.11:g.284253C%3EG HTTP/1.1" 200 5891
2023-03-03 15:22:51,409: ERROR: Error occurred: 'list' object has no attribute 'get'
2023-03-03 15:22:51,412: DEBUG: Starting new HTTPS connection (1): rest.ensembl.org:443
2023-03-03 15:22:51,835: DEBUG: https://rest.ensembl.org:443 "GET /vep/human/hgvs/ HTTP/1.1" 400 58
2023-03-03 15:22:51,838: ERROR: Request error: 400 Client Error: Bad Request for url: https://rest.ensembl.org/vep/human/hgvs/
2023-03-03 15:22:51,838: ERROR: Error occurred: Request error: 400 Client Error: Bad Request for url: https://rest.ensembl.org/vep/human/hgvs/
2023-03-03 15:25:17,647: DEBUG: Starting new HTTPS connection (1): rest.ensembl.org:443
2023-03-03 15:25:19,444: DEBUG: https://rest.ensembl.org:443 "GET /vep/human/hgvs/decoded_data%20=%20json.loads(json.dumps(data,%20indent=4%20)) HTTP/1.1" 400 180
2023-03-03 15:25:19,447: ERROR: Request error: 400 Client Error: Bad Request for url: https://rest.ensembl.org/vep/human/hgvs/decoded_data%20=%20json.loads(json.dumps(data,%20indent=4%20))
2023-03-03 15:25:19,447: ERROR: Error occurred: Request error: 400 Client Error: Bad Request for url: https://rest.ensembl.org/vep/human/hgvs/decoded_data%20=%20json.loads(json.dumps(data,%20indent=4%20))
2023-03-03 15:25:19,449: DEBUG: Starting new HTTPS connection (1): rest.ensembl.org:443
2023-03-03 15:25:20,351: DEBUG: https://rest.ensembl.org:443 "GET /vep/human/hgvs/%20%20%20%20%20%20%20%20for%20decoded_data: HTTP/1.1" 400 112
2023-03-03 15:25:20,356: ERROR: Request error: 400 Client Error: Bad Request for url: https://rest.ensembl.org/vep/human/hgvs/%20%20%20%20%20%20%20%20for%20decoded_data:
2023-03-03 15:25:20,356: ERROR: Error occurred: Request error: 400 Client Error: Bad Request for url: https://rest.ensembl.org/vep/human/hgvs/%20%20%20%20%20%20%20%20for%20decoded_data:
2023-03-03 15:25:20,360: DEBUG: Starting new HTTPS connection (1): rest.ensembl.org:443
2023-03-03 15:25:26,328: DEBUG: Starting new HTTPS connection (1): rest.ensembl.org:443
2023-03-03 15:25:27,239: DEBUG: https://rest.ensembl.org:443 "GET /vep/human/hgvs/NC_000023.11:g.284253C%3EG HTTP/1.1" 200 5891
2023-03-03 15:25:27,244: INFO: Most severe consequence: missense_variant
2023-03-03 15:28:25,015: DEBUG: Starting new HTTPS connection (1): rest.ensembl.org:443
2023-03-03 15:28:26,013: DEBUG: https://rest.ensembl.org:443 "GET /vep/human/hgvs/NC_000023.11:g.284253C%3EG HTTP/1.1" 200 5891
2023-03-03 15:28:26,018: ERROR: Error occurred: 'list' object has no attribute 'get'
2023-03-03 15:28:26,021: DEBUG: Starting new HTTPS connection (1): rest.ensembl.org:443
2023-03-03 15:28:26,410: DEBUG: https://rest.ensembl.org:443 "GET /vep/human/hgvs/ HTTP/1.1" 400 58
2023-03-03 15:28:26,412: ERROR: Request error: 400 Client Error: Bad Request for url: https://rest.ensembl.org/vep/human/hgvs/
2023-03-03 15:28:26,413: ERROR: Error occurred: Request error: 400 Client Error: Bad Request for url: https://rest.ensembl.org/vep/human/hgvs/
2023-03-03 15:29:00,058: DEBUG: Starting new HTTPS connection (1): rest.ensembl.org:443
2023-03-03 15:29:01,163: DEBUG: https://rest.ensembl.org:443 "GET /vep/human/hgvs/NC_000023.11:g.284253C%3EG HTTP/1.1" 200 5891
2023-03-03 15:29:01,167: ERROR: Error occurred: 'list' object has no attribute 'get'
2023-03-03 15:29:01,170: DEBUG: Starting new HTTPS connection (1): rest.ensembl.org:443
2023-03-03 15:29:01,581: DEBUG: https://rest.ensembl.org:443 "GET /vep/human/hgvs/ HTTP/1.1" 400 58
2023-03-03 15:29:01,583: ERROR: Request error: 400 Client Error: Bad Request for url: https://rest.ensembl.org/vep/human/hgvs/
2023-03-03 15:29:01,584: ERROR: Error occurred: Request error: 400 Client Error: Bad Request for url: https://rest.ensembl.org/vep/human/hgvs/
2023-03-03 15:29:15,322: DEBUG: Starting new HTTPS connection (1): rest.ensembl.org:443
2023-03-03 15:29:17,147: DEBUG: https://rest.ensembl.org:443 "GET /vep/human/hgvs/NC_000023.11:g.284253C%3EG HTTP/1.1" 200 5891
2023-03-03 15:29:17,151: INFO: Most severe consequence: missense_variant
2023-03-03 15:37:53,764: DEBUG: Starting new HTTPS connection (1): rest.ensembl.org:443
2023-03-03 15:37:56,683: DEBUG: https://rest.ensembl.org:443 "GET /vep/human/hgvs/NC_000023.11:g.284253C%3EG HTTP/1.1" 200 5891
2023-03-03 15:37:56,694: INFO: Most severe consequence: missense_variant
2023-03-03 15:40:16,182: DEBUG: Starting new HTTPS connection (1): rest.ensembl.org:443
2023-03-03 15:40:17,170: DEBUG: https://rest.ensembl.org:443 "GET /vep/human/hgvs/NC_000023.11:g.284253C%3EG HTTP/1.1" 200 5891
2023-03-03 15:40:17,175: ERROR: Error occurred: list indices must be integers or slices, not str
2023-03-03 15:41:17,180: DEBUG: Starting new HTTPS connection (1): rest.ensembl.org:443
2023-03-03 15:41:18,135: DEBUG: https://rest.ensembl.org:443 "GET /vep/human/hgvs/NC_000023.11:g.284253C%3EG HTTP/1.1" 200 5891
2023-03-03 15:41:18,138: ERROR: Error occurred: 'Response' object is not subscriptable
2023-03-03 15:41:47,994: DEBUG: Starting new HTTPS connection (1): rest.ensembl.org:443
2023-03-03 15:41:49,079: DEBUG: https://rest.ensembl.org:443 "GET /vep/human/hgvs/NC_000023.11:g.284253C%3EG HTTP/1.1" 200 5891
2023-03-03 15:41:49,083: ERROR: Error occurred: list indices must be integers or slices, not str
2023-03-03 15:43:44,037: DEBUG: Starting new HTTPS connection (1): rest.ensembl.org:443
2023-03-03 15:43:44,844: DEBUG: https://rest.ensembl.org:443 "GET /vep/human/hgvs/gene_symbol%20=%20data%5B'gene_symbol'%5D HTTP/1.1" 400 75
2023-03-03 15:43:44,847: ERROR: Request error: 400 Client Error: Bad Request for url: https://rest.ensembl.org/vep/human/hgvs/gene_symbol%20=%20data%5B'gene_symbol'%5D
2023-03-03 15:43:44,847: ERROR: Error occurred: Request error: 400 Client Error: Bad Request for url: https://rest.ensembl.org/vep/human/hgvs/gene_symbol%20=%20data%5B'gene_symbol'%5D
2023-03-03 15:43:52,025: DEBUG: Starting new HTTPS connection (1): rest.ensembl.org:443
2023-03-03 15:43:52,616: DEBUG: https://rest.ensembl.org:443 "GET /vep/human/hgvs/%20%20%20%20%20%20%20%20print(gene_symbol)NC_000023.11:g.284253C%3EG HTTP/1.1" 400 86
2023-03-03 15:43:52,619: ERROR: Request error: 400 Client Error: Bad Request for url: https://rest.ensembl.org/vep/human/hgvs/%20%20%20%20%20%20%20%20print(gene_symbol)NC_000023.11:g.284253C%3EG
2023-03-03 15:43:52,619: ERROR: Error occurred: Request error: 400 Client Error: Bad Request for url: https://rest.ensembl.org/vep/human/hgvs/%20%20%20%20%20%20%20%20print(gene_symbol)NC_000023.11:g.284253C%3EG
2023-03-03 15:43:52,622: DEBUG: Starting new HTTPS connection (1): rest.ensembl.org:443
2023-03-03 15:43:53,160: DEBUG: https://rest.ensembl.org:443 "GET /vep/human/hgvs/ HTTP/1.1" 400 58
2023-03-03 15:43:53,163: ERROR: Request error: 400 Client Error: Bad Request for url: https://rest.ensembl.org/vep/human/hgvs/
2023-03-03 15:43:53,163: ERROR: Error occurred: Request error: 400 Client Error: Bad Request for url: https://rest.ensembl.org/vep/human/hgvs/
2023-03-03 15:44:31,098: DEBUG: Starting new HTTPS connection (1): rest.ensembl.org:443
2023-03-03 15:44:32,675: DEBUG: https://rest.ensembl.org:443 "GET /vep/human/hgvs/NC_000023.11:g.284253C%3EG HTTP/1.1" 200 5891
2023-03-03 15:44:32,678: ERROR: Error occurred: the JSON object must be str, bytes or bytearray, not list
2023-03-03 15:44:32,680: DEBUG: Starting new HTTPS connection (1): rest.ensembl.org:443
2023-03-03 15:44:33,101: DEBUG: https://rest.ensembl.org:443 "GET /vep/human/hgvs/ HTTP/1.1" 400 58
2023-03-03 15:44:33,106: ERROR: Request error: 400 Client Error: Bad Request for url: https://rest.ensembl.org/vep/human/hgvs/
2023-03-03 15:44:33,106: ERROR: Error occurred: Request error: 400 Client Error: Bad Request for url: https://rest.ensembl.org/vep/human/hgvs/
2023-03-03 15:52:58,341: DEBUG: Starting new HTTPS connection (1): rest.ensembl.org:443
2023-03-03 15:53:00,802: DEBUG: https://rest.ensembl.org:443 "GET /vep/human/hgvs/NC_000023.11:g.284253C%3EG HTTP/1.1" 200 5891
2023-03-03 15:53:00,806: ERROR: Error occurred: the JSON object must be str, bytes or bytearray, not list
2023-03-03 15:53:00,809: DEBUG: Starting new HTTPS connection (1): rest.ensembl.org:443
2023-03-03 15:53:01,243: DEBUG: https://rest.ensembl.org:443 "GET /vep/human/hgvs/ HTTP/1.1" 400 58
2023-03-03 15:53:01,245: ERROR: Request error: 400 Client Error: Bad Request for url: https://rest.ensembl.org/vep/human/hgvs/
2023-03-03 15:53:01,246: ERROR: Error occurred: Request error: 400 Client Error: Bad Request for url: https://rest.ensembl.org/vep/human/hgvs/
2023-03-03 15:54:16,832: DEBUG: Starting new HTTPS connection (1): rest.ensembl.org:443
2023-03-03 15:54:17,748: DEBUG: https://rest.ensembl.org:443 "GET /vep/human/hgvs/NC_000023.11:g.284253C%3EG HTTP/1.1" 200 5891
2023-03-03 15:54:17,751: ERROR: Error occurred: the JSON object must be str, bytes or bytearray, not list
2023-03-03 15:54:17,754: DEBUG: Starting new HTTPS connection (1): rest.ensembl.org:443
2023-03-03 15:54:18,159: DEBUG: https://rest.ensembl.org:443 "GET /vep/human/hgvs/ HTTP/1.1" 400 58
2023-03-03 15:54:18,161: ERROR: Request error: 400 Client Error: Bad Request for url: https://rest.ensembl.org/vep/human/hgvs/
2023-03-03 15:54:18,162: ERROR: Error occurred: Request error: 400 Client Error: Bad Request for url: https://rest.ensembl.org/vep/human/hgvs/
2023-03-03 15:54:21,070: DEBUG: Starting new HTTPS connection (1): rest.ensembl.org:443
2023-03-03 15:54:22,241: DEBUG: https://rest.ensembl.org:443 "GET /vep/human/hgvs/NC_000023.11:g.284253C%3EG HTTP/1.1" 200 5891
2023-03-03 15:54:22,244: ERROR: Error occurred: the JSON object must be str, bytes or bytearray, not list
2023-03-03 15:54:22,246: DEBUG: Starting new HTTPS connection (1): rest.ensembl.org:443
2023-03-03 15:54:22,689: DEBUG: https://rest.ensembl.org:443 "GET /vep/human/hgvs/ HTTP/1.1" 400 58
2023-03-03 15:54:22,692: ERROR: Request error: 400 Client Error: Bad Request for url: https://rest.ensembl.org/vep/human/hgvs/
2023-03-03 15:54:22,692: ERROR: Error occurred: Request error: 400 Client Error: Bad Request for url: https://rest.ensembl.org/vep/human/hgvs/
2023-03-03 15:55:37,016: DEBUG: Starting new HTTPS connection (1): rest.ensembl.org:443
2023-03-03 15:55:37,827: DEBUG: https://rest.ensembl.org:443 "GET /vep/human/hgvs/NC_000023.11:g.284253C%3EG HTTP/1.1" 200 5891
2023-03-03 15:55:37,830: ERROR: Error occurred: the JSON object must be str, bytes or bytearray, not list
2023-03-03 15:55:37,833: DEBUG: Starting new HTTPS connection (1): rest.ensembl.org:443
2023-03-03 15:55:38,254: DEBUG: https://rest.ensembl.org:443 "GET /vep/human/hgvs/ HTTP/1.1" 400 58
2023-03-03 15:55:38,256: ERROR: Request error: 400 Client Error: Bad Request for url: https://rest.ensembl.org/vep/human/hgvs/
2023-03-03 15:55:38,256: ERROR: Error occurred: Request error: 400 Client Error: Bad Request for url: https://rest.ensembl.org/vep/human/hgvs/
2023-03-03 15:56:03,296: DEBUG: Starting new HTTPS connection (1): rest.ensembl.org:443
2023-03-03 15:56:04,223: DEBUG: https://rest.ensembl.org:443 "GET /vep/human/hgvs/NC_000023.11:g.284253C%3EG HTTP/1.1" 200 5891
2023-03-03 15:56:04,227: ERROR: Error occurred: the JSON object must be str, bytes or bytearray, not list
2023-03-03 15:56:04,497: DEBUG: Starting new HTTPS connection (1): rest.ensembl.org:443
2023-03-03 15:56:04,916: DEBUG: https://rest.ensembl.org:443 "GET /vep/human/hgvs/ HTTP/1.1" 400 58
2023-03-03 15:56:04,925: ERROR: Request error: 400 Client Error: Bad Request for url: https://rest.ensembl.org/vep/human/hgvs/
2023-03-03 15:56:04,940: ERROR: Error occurred: Request error: 400 Client Error: Bad Request for url: https://rest.ensembl.org/vep/human/hgvs/
2023-03-03 15:56:49,321: DEBUG: Starting new HTTPS connection (1): rest.ensembl.org:443
2023-03-03 15:56:50,587: DEBUG: https://rest.ensembl.org:443 "GET /vep/human/hgvs/NC_000023.11:g.284253C%3EG HTTP/1.1" 200 5891
2023-03-03 15:56:50,590: ERROR: Error occurred: the JSON object must be str, bytes or bytearray, not list
2023-03-03 15:56:50,592: DEBUG: Starting new HTTPS connection (1): rest.ensembl.org:443
2023-03-03 15:56:50,991: DEBUG: https://rest.ensembl.org:443 "GET /vep/human/hgvs/ HTTP/1.1" 400 58
2023-03-03 15:56:50,994: ERROR: Request error: 400 Client Error: Bad Request for url: https://rest.ensembl.org/vep/human/hgvs/
2023-03-03 15:56:50,994: ERROR: Error occurred: Request error: 400 Client Error: Bad Request for url: https://rest.ensembl.org/vep/human/hgvs/
2023-03-03 15:57:04,493: DEBUG: Starting new HTTPS connection (1): rest.ensembl.org:443
2023-03-03 15:57:05,901: DEBUG: https://rest.ensembl.org:443 "GET /vep/human/hgvs/ENST00000316673:c.281_282delinsC HTTP/1.1" 200 8019
2023-03-03 15:57:05,904: ERROR: Error occurred: the JSON object must be str, bytes or bytearray, not list
2023-03-03 15:57:25,539: DEBUG: Starting new HTTPS connection (1): rest.ensembl.org:443
2023-03-03 15:57:26,159: DEBUG: https://rest.ensembl.org:443 "GET /vep/human/hgvs/import%20requests HTTP/1.1" 400 108
2023-03-03 15:57:26,162: ERROR: Request error: 400 Client Error: Bad Request for url: https://rest.ensembl.org/vep/human/hgvs/import%20requests
2023-03-03 15:57:26,162: ERROR: Error occurred: Request error: 400 Client Error: Bad Request for url: https://rest.ensembl.org/vep/human/hgvs/import%20requests
2023-03-03 15:57:26,165: DEBUG: Starting new HTTPS connection (1): rest.ensembl.org:443
2023-03-03 15:57:26,793: DEBUG: https://rest.ensembl.org:443 "GET /vep/human/hgvs/import%20sys HTTP/1.1" 400 98
2023-03-03 15:57:26,796: ERROR: Request error: 400 Client Error: Bad Request for url: https://rest.ensembl.org/vep/human/hgvs/import%20sys
2023-03-03 15:57:26,796: ERROR: Error occurred: Request error: 400 Client Error: Bad Request for url: https://rest.ensembl.org/vep/human/hgvs/import%20sys
2023-03-03 15:57:26,798: DEBUG: Starting new HTTPS connection (1): rest.ensembl.org:443
2023-03-03 15:57:28,237: DEBUG: https://rest.ensembl.org:443 "GET /vep/human/hgvs/import%20logging HTTP/1.1" 400 106
2023-03-03 15:57:28,238: ERROR: Request error: 400 Client Error: Bad Request for url: https://rest.ensembl.org/vep/human/hgvs/import%20logging
2023-03-03 15:57:28,238: ERROR: Error occurred: Request error: 400 Client Error: Bad Request for url: https://rest.ensembl.org/vep/human/hgvs/import%20logging
2023-03-03 15:57:28,240: DEBUG: Starting new HTTPS connection (1): rest.ensembl.org:443
2023-03-03 15:57:32,034: DEBUG: https://rest.ensembl.org:443 "GET /vep/human/hgvs/import%20json HTTP/1.1" 400 100
2023-03-03 15:57:32,043: ERROR: Request error: 400 Client Error: Bad Request for url: https://rest.ensembl.org/vep/human/hgvs/import%20json
2023-03-03 15:57:32,046: ERROR: Error occurred: Request error: 400 Client Error: Bad Request for url: https://rest.ensembl.org/vep/human/hgvs/import%20json
2023-03-03 15:57:32,062: DEBUG: Starting new HTTPS connection (1): rest.ensembl.org:443
2023-03-03 15:57:32,436: DEBUG: https://rest.ensembl.org:443 "GET /vep/human/hgvs/ HTTP/1.1" 400 58
2023-03-03 15:57:32,437: ERROR: Request error: 400 Client Error: Bad Request for url: https://rest.ensembl.org/vep/human/hgvs/
2023-03-03 15:57:32,437: ERROR: Error occurred: Request error: 400 Client Error: Bad Request for url: https://rest.ensembl.org/vep/human/hgvs/
2023-03-03 15:57:32,439: DEBUG: Starting new HTTPS connection (1): rest.ensembl.org:443
2023-03-03 15:57:32,812: DEBUG: https://rest.ensembl.org:443 "GET /vep/human/hgvs/ HTTP/1.1" 400 58
2023-03-03 15:57:32,815: ERROR: Request error: 400 Client Error: Bad Request for url: https://rest.ensembl.org/vep/human/hgvs/
2023-03-03 15:57:32,815: ERROR: Error occurred: Request error: 400 Client Error: Bad Request for url: https://rest.ensembl.org/vep/human/hgvs/
2023-03-03 15:57:32,818: DEBUG: Starting new HTTPS connection (1): rest.ensembl.org:443
2023-03-03 15:57:33,434: DEBUG: https://rest.ensembl.org:443 "GET /vep/human/hgvs/logging.basicConfig(filename=%22logging.log%22,%20level=logging.DEBUG,%20format=%22%25(asctime)s:%20%25(levelname)s:%20%25(message)s%22) HTTP/1.1" 400 308
2023-03-03 15:57:33,437: ERROR: Request error: 400 Client Error: Bad Request for url: https://rest.ensembl.org/vep/human/hgvs/logging.basicConfig(filename=%22logging.log%22,%20level=logging.DEBUG,%20format=%22%25(asctime)s:%20%25(levelname)s:%20%25(message)s%22)
2023-03-03 15:57:33,437: ERROR: Error occurred: Request error: 400 Client Error: Bad Request for url: https://rest.ensembl.org/vep/human/hgvs/logging.basicConfig(filename=%22logging.log%22,%20level=logging.DEBUG,%20format=%22%25(asctime)s:%20%25(levelname)s:%20%25(message)s%22)
2023-03-03 15:57:33,439: DEBUG: Starting new HTTPS connection (1): rest.ensembl.org:443
2023-03-03 15:57:33,833: DEBUG: https://rest.ensembl.org:443 "GET /vep/human/hgvs/ HTTP/1.1" 400 58
2023-03-03 15:57:33,835: ERROR: Request error: 400 Client Error: Bad Request for url: https://rest.ensembl.org/vep/human/hgvs/
2023-03-03 15:57:33,835: ERROR: Error occurred: Request error: 400 Client Error: Bad Request for url: https://rest.ensembl.org/vep/human/hgvs/
2023-03-03 15:57:33,837: DEBUG: Starting new HTTPS connection (1): rest.ensembl.org:443
2023-03-03 15:57:34,334: DEBUG: https://rest.ensembl.org:443 "GET /vep/human/hgvs/ HTTP/1.1" 400 58
2023-03-03 15:57:34,337: ERROR: Request error: 400 Client Error: Bad Request for url: https://rest.ensembl.org/vep/human/hgvs/
2023-03-03 15:57:34,337: ERROR: Error occurred: Request error: 400 Client Error: Bad Request for url: https://rest.ensembl.org/vep/human/hgvs/
2023-03-03 15:57:34,339: DEBUG: Starting new HTTPS connection (1): rest.ensembl.org:443
2023-03-03 15:57:34,801: DEBUG: https://rest.ensembl.org:443 "GET /vep/human/hgvs/class%20Conseq: HTTP/1.1" 400 104
2023-03-03 15:57:34,804: ERROR: Request error: 400 Client Error: Bad Request for url: https://rest.ensembl.org/vep/human/hgvs/class%20Conseq:
2023-03-03 15:57:34,804: ERROR: Error occurred: Request error: 400 Client Error: Bad Request for url: https://rest.ensembl.org/vep/human/hgvs/class%20Conseq:
2023-03-03 15:57:34,807: DEBUG: Starting new HTTPS connection (1): rest.ensembl.org:443
2023-03-03 15:57:36,485: DEBUG: https://rest.ensembl.org:443 "GET /vep/human/hgvs/%20%20%20%20def%20get_most_severe_consequence(self,%20variant_id): HTTP/1.1" 400 159
2023-03-03 15:57:36,488: ERROR: Request error: 400 Client Error: Bad Request for url: https://rest.ensembl.org/vep/human/hgvs/%20%20%20%20def%20get_most_severe_consequence(self,%20variant_id):
2023-03-03 15:57:36,488: ERROR: Error occurred: Request error: 400 Client Error: Bad Request for url: https://rest.ensembl.org/vep/human/hgvs/%20%20%20%20def%20get_most_severe_consequence(self,%20variant_id):
2023-03-03 15:57:36,490: DEBUG: Starting new HTTPS connection (1): rest.ensembl.org:443
2023-03-03 15:57:37,019: DEBUG: https://rest.ensembl.org:443 "GET /vep/human/hgvs/%20%20%20%20%20%20%20%20server%20=%20%22https://rest.ensembl.org%22 HTTP/1.1" 400 110
2023-03-03 15:57:37,021: ERROR: Request error: 400 Client Error: Bad Request for url: https://rest.ensembl.org/vep/human/hgvs/%20%20%20%20%20%20%20%20server%20=%20%22https://rest.ensembl.org%22
2023-03-03 15:57:37,022: ERROR: Error occurred: Request error: 400 Client Error: Bad Request for url: https://rest.ensembl.org/vep/human/hgvs/%20%20%20%20%20%20%20%20server%20=%20%22https://rest.ensembl.org%22
2023-03-03 15:57:37,024: DEBUG: Starting new HTTPS connection (1): rest.ensembl.org:443
2023-03-03 15:57:37,665: DEBUG: https://rest.ensembl.org:443 "GET /vep/human/hgvs/%20%20%20%20%20%20%20%20endpoint%20=%20f%22/vep/human/hgvs/%7Bvariant_id%7D%22 HTTP/1.1" 400 104
2023-03-03 15:57:37,668: ERROR: Request error: 400 Client Error: Bad Request for url: https://rest.ensembl.org/vep/human/hgvs/%20%20%20%20%20%20%20%20endpoint%20=%20f%22/vep/human/hgvs/%7Bvariant_id%7D%22
2023-03-03 15:57:37,668: ERROR: Error occurred: Request error: 400 Client Error: Bad Request for url: https://rest.ensembl.org/vep/human/hgvs/%20%20%20%20%20%20%20%20endpoint%20=%20f%22/vep/human/hgvs/%7Bvariant_id%7D%22
2023-03-03 15:57:37,671: DEBUG: Starting new HTTPS connection (1): rest.ensembl.org:443
2023-03-03 15:57:38,198: DEBUG: https://rest.ensembl.org:443 "GET /vep/human/hgvs/%20%20%20%20%20%20%20%20headers%20=%20%7B%22Content-Type%22:%20%22application/json%22%7D HTTP/1.1" 400 158
2023-03-03 15:57:38,201: ERROR: Request error: 400 Client Error: Bad Request for url: https://rest.ensembl.org/vep/human/hgvs/%20%20%20%20%20%20%20%20headers%20=%20%7B%22Content-Type%22:%20%22application/json%22%7D
2023-03-03 15:57:38,201: ERROR: Error occurred: Request error: 400 Client Error: Bad Request for url: https://rest.ensembl.org/vep/human/hgvs/%20%20%20%20%20%20%20%20headers%20=%20%7B%22Content-Type%22:%20%22application/json%22%7D
2023-03-03 15:57:38,204: DEBUG: Starting new HTTPS connection (1): rest.ensembl.org:443
2023-03-03 15:57:38,743: DEBUG: https://rest.ensembl.org:443 "GET /vep/human/hgvs/ HTTP/1.1" 400 58
2023-03-03 15:57:38,746: ERROR: Request error: 400 Client Error: Bad Request for url: https://rest.ensembl.org/vep/human/hgvs/
2023-03-03 15:57:38,746: ERROR: Error occurred: Request error: 400 Client Error: Bad Request for url: https://rest.ensembl.org/vep/human/hgvs/
2023-03-03 15:57:38,749: DEBUG: Starting new HTTPS connection (1): rest.ensembl.org:443
2023-03-03 15:57:39,406: DEBUG: https://rest.ensembl.org:443 "GET /vep/human/hgvs/%20%20%20%20%20%20%20%20try: HTTP/1.1" 400 88
2023-03-03 15:57:39,409: ERROR: Request error: 400 Client Error: Bad Request for url: https://rest.ensembl.org/vep/human/hgvs/%20%20%20%20%20%20%20%20try:
2023-03-03 15:57:39,409: ERROR: Error occurred: Request error: 400 Client Error: Bad Request for url: https://rest.ensembl.org/vep/human/hgvs/%20%20%20%20%20%20%20%20try:
2023-03-03 15:57:39,412: DEBUG: Starting new HTTPS connection (1): rest.ensembl.org:443
2023-03-03 15:57:39,879: DEBUG: https://rest.ensembl.org:443 "GET /vep/human/hgvs/%20%20%20%20%20%20%20%20%20%20%20%20response%20=%20requests.get(server%20+%20endpoint,%20headers=headers) HTTP/1.1" 400 188
2023-03-03 15:57:39,882: ERROR: Request error: 400 Client Error: Bad Request for url: https://rest.ensembl.org/vep/human/hgvs/%20%20%20%20%20%20%20%20%20%20%20%20response%20=%20requests.get(server%20+%20endpoint,%20headers=headers)
2023-03-03 15:57:39,882: ERROR: Error occurred: Request error: 400 Client Error: Bad Request for url: https://rest.ensembl.org/vep/human/hgvs/%20%20%20%20%20%20%20%20%20%20%20%20response%20=%20requests.get(server%20+%20endpoint,%20headers=headers)
2023-03-03 15:57:39,884: DEBUG: Starting new HTTPS connection (1): rest.ensembl.org:443
2023-03-03 15:57:40,307: DEBUG: https://rest.ensembl.org:443 "GET /vep/human/hgvs/ HTTP/1.1" 400 58
2023-03-03 15:57:40,311: ERROR: Request error: 400 Client Error: Bad Request for url: https://rest.ensembl.org/vep/human/hgvs/
2023-03-03 15:57:40,311: ERROR: Error occurred: Request error: 400 Client Error: Bad Request for url: https://rest.ensembl.org/vep/human/hgvs/
2023-03-03 15:57:40,314: DEBUG: Starting new HTTPS connection (1): rest.ensembl.org:443
2023-03-03 15:57:40,782: DEBUG: https://rest.ensembl.org:443 "GET /vep/human/hgvs/%20%20%20%20%20%20%20%20%20%20%20%20response.raise_for_status()%20%20 HTTP/1.1" 400 134
2023-03-03 15:57:40,783: ERROR: Request error: 400 Client Error: Bad Request for url: https://rest.ensembl.org/vep/human/hgvs/%20%20%20%20%20%20%20%20%20%20%20%20response.raise_for_status()%20%20#%20raise%20an%20exception%20if%20the%20response%20is%20not%20OK
2023-03-03 15:57:40,783: ERROR: Error occurred: Request error: 400 Client Error: Bad Request for url: https://rest.ensembl.org/vep/human/hgvs/%20%20%20%20%20%20%20%20%20%20%20%20response.raise_for_status()%20%20#%20raise%20an%20exception%20if%20the%20response%20is%20not%20OK
2023-03-03 15:57:40,785: DEBUG: Starting new HTTPS connection (1): rest.ensembl.org:443
2023-03-03 15:57:44,195: DEBUG: Starting new HTTPS connection (1): rest.ensembl.org:443
2023-03-03 15:57:45,236: DEBUG: https://rest.ensembl.org:443 "GET /vep/human/hgvs/NC_000023.11:g.284253C%3EG HTTP/1.1" 200 5891
2023-03-03 15:57:45,240: INFO: Most severe consequence: missense_variant
2023-03-03 16:00:50,865: DEBUG: Starting new HTTPS connection (1): rest.ensembl.org:443
2023-03-03 16:00:51,793: DEBUG: https://rest.ensembl.org:443 "GET /vep/human/hgvs/NC_000023.11:g.284253C%3EG HTTP/1.1" 200 5891
2023-03-03 16:00:51,799: INFO: Most severe consequence: missense_variant
2023-03-03 16:01:21,462: DEBUG: Starting new HTTPS connection (1): rest.ensembl.org:443
2023-03-03 16:01:21,969: DEBUG: https://rest.ensembl.org:443 "GET /vep/human/hgvs/Iteration_6G HTTP/1.1" 400 104
2023-03-03 16:01:21,971: ERROR: Request error: 400 Client Error: Bad Request for url: https://rest.ensembl.org/vep/human/hgvs/Iteration_6G
2023-03-03 16:01:21,971: ERROR: Error occurred: Request error: 400 Client Error: Bad Request for url: https://rest.ensembl.org/vep/human/hgvs/Iteration_6G
2023-03-03 16:01:36,499: DEBUG: Starting new HTTPS connection (1): rest.ensembl.org:443
2023-03-03 16:01:37,298: DEBUG: https://rest.ensembl.org:443 "GET /vep/human/hgvs/NC_000023.11:g.284253C%3EG HTTP/1.1" 200 5891
2023-03-03 16:01:37,302: INFO: Most severe consequence: missense_variant
2023-03-03 16:05:08,810: DEBUG: Starting new HTTPS connection (1): rest.ensembl.org:443
2023-03-03 16:05:10,298: DEBUG: https://rest.ensembl.org:443 "GET /vep/human/hgvs/NC_000020.11:g.44355852C%3EA HTTP/1.1" 200 3189
2023-03-03 16:05:10,302: INFO: Most severe consequence: stop_gained
